<?xml version="1.0" encoding="UTF-8"?>
<!-- Generated by org.testng.reporters.JUnitXMLReporter -->
<testsuite hostname="DESKTOP-TAOJJEB" ignored="0" name="Default test" tests="4" failures="0" timestamp="03 Apr 2019 10:31:03 GMT" time="66.797" errors="0">
  <testcase name="userNameVerify" time="5.217" classname="Script.HomePageTest"/>
  <testcase name="select" time="5.945" classname="Script.HomePageTest"/>
  <testcase name="clickContacts" time="7.296" classname="Script.HomePageTest"/>
  <testcase name="clickOnNewContact" time="7.022" classname="Script.HomePageTest"/>
</testsuite> <!-- Default test -->
