<?xml version="1.0" encoding="UTF-8"?>
<testng-results skipped="0" failed="0" ignored="0" total="4" passed="4">
  <reporter-output>
  </reporter-output>
  <suite name="Default suite" duration-ms="66797" started-at="2019-04-03T10:29:56Z" finished-at="2019-04-03T10:31:03Z">
    <groups>
    </groups>
    <test name="Default test" duration-ms="66797" started-at="2019-04-03T10:29:56Z" finished-at="2019-04-03T10:31:03Z">
      <class name="Script.HomePageTest">
        <test-method status="PASS" signature="OneApp()[pri:0, instance:Script.HomePageTest@1877ab81]" name="OneApp" is-config="true" duration-ms="10830" started-at="2019-04-03T10:29:56Z" finished-at="2019-04-03T10:30:07Z">
          <reporter-output>
          </reporter-output>
        </test-method> <!-- OneApp -->
        <test-method status="PASS" signature="userNameVerify()[pri:1, instance:Script.HomePageTest@1877ab81]" name="userNameVerify" duration-ms="5217" started-at="2019-04-03T10:30:07Z" finished-at="2019-04-03T10:30:12Z">
          <reporter-output>
          </reporter-output>
        </test-method> <!-- userNameVerify -->
        <test-method status="PASS" signature="CloseAPP(org.testng.ITestResult)[pri:0, instance:Script.HomePageTest@1877ab81]" name="CloseAPP" is-config="true" duration-ms="197" started-at="2019-04-03T10:30:12Z" finished-at="2019-04-03T10:30:12Z">
          <params>
            <param index="0">
              <value>
                <![CDATA[[TestResult name=userNameVerify status=SUCCESS method=HomePageTest.userNameVerify()[pri:1, instance:Script.HomePageTest@1877ab81] output={null}]]]>
              </value>
            </param>
          </params>
          <reporter-output>
          </reporter-output>
        </test-method> <!-- CloseAPP -->
        <test-method status="PASS" signature="OneApp()[pri:0, instance:Script.HomePageTest@1877ab81]" name="OneApp" is-config="true" duration-ms="11497" started-at="2019-04-03T10:30:12Z" finished-at="2019-04-03T10:30:24Z">
          <reporter-output>
          </reporter-output>
        </test-method> <!-- OneApp -->
        <test-method status="PASS" signature="select()[pri:2, instance:Script.HomePageTest@1877ab81]" name="select" duration-ms="5945" started-at="2019-04-03T10:30:24Z" finished-at="2019-04-03T10:30:30Z">
          <reporter-output>
          </reporter-output>
        </test-method> <!-- select -->
        <test-method status="PASS" signature="CloseAPP(org.testng.ITestResult)[pri:0, instance:Script.HomePageTest@1877ab81]" name="CloseAPP" is-config="true" duration-ms="126" started-at="2019-04-03T10:30:30Z" finished-at="2019-04-03T10:30:30Z">
          <params>
            <param index="0">
              <value>
                <![CDATA[[TestResult name=select status=SUCCESS method=HomePageTest.select()[pri:2, instance:Script.HomePageTest@1877ab81] output={null}]]]>
              </value>
            </param>
          </params>
          <reporter-output>
          </reporter-output>
        </test-method> <!-- CloseAPP -->
        <test-method status="PASS" signature="OneApp()[pri:0, instance:Script.HomePageTest@1877ab81]" name="OneApp" is-config="true" duration-ms="8952" started-at="2019-04-03T10:30:30Z" finished-at="2019-04-03T10:30:39Z">
          <reporter-output>
          </reporter-output>
        </test-method> <!-- OneApp -->
        <test-method status="PASS" signature="clickContacts()[pri:3, instance:Script.HomePageTest@1877ab81]" name="clickContacts" duration-ms="7296" started-at="2019-04-03T10:30:39Z" finished-at="2019-04-03T10:30:46Z">
          <reporter-output>
          </reporter-output>
        </test-method> <!-- clickContacts -->
        <test-method status="PASS" signature="CloseAPP(org.testng.ITestResult)[pri:0, instance:Script.HomePageTest@1877ab81]" name="CloseAPP" is-config="true" duration-ms="126" started-at="2019-04-03T10:30:46Z" finished-at="2019-04-03T10:30:46Z">
          <params>
            <param index="0">
              <value>
                <![CDATA[[TestResult name=clickContacts status=SUCCESS method=HomePageTest.clickContacts()[pri:3, instance:Script.HomePageTest@1877ab81] output={null}]]]>
              </value>
            </param>
          </params>
          <reporter-output>
          </reporter-output>
        </test-method> <!-- CloseAPP -->
        <test-method status="PASS" signature="OneApp()[pri:0, instance:Script.HomePageTest@1877ab81]" name="OneApp" is-config="true" duration-ms="9417" started-at="2019-04-03T10:30:46Z" finished-at="2019-04-03T10:30:55Z">
          <reporter-output>
          </reporter-output>
        </test-method> <!-- OneApp -->
        <test-method status="PASS" signature="clickOnNewContact()[pri:4, instance:Script.HomePageTest@1877ab81]" name="clickOnNewContact" duration-ms="7022" started-at="2019-04-03T10:30:55Z" finished-at="2019-04-03T10:31:02Z">
          <reporter-output>
          </reporter-output>
        </test-method> <!-- clickOnNewContact -->
        <test-method status="PASS" signature="CloseAPP(org.testng.ITestResult)[pri:0, instance:Script.HomePageTest@1877ab81]" name="CloseAPP" is-config="true" duration-ms="130" started-at="2019-04-03T10:31:03Z" finished-at="2019-04-03T10:31:03Z">
          <params>
            <param index="0">
              <value>
                <![CDATA[[TestResult name=clickOnNewContact status=SUCCESS method=HomePageTest.clickOnNewContact()[pri:4, instance:Script.HomePageTest@1877ab81] output={null}]]]>
              </value>
            </param>
          </params>
          <reporter-output>
          </reporter-output>
        </test-method> <!-- CloseAPP -->
        <test-method status="PASS" signature="print()[pri:0, instance:Script.HomePageTest@1877ab81]" name="print" is-config="true" duration-ms="2599" started-at="2019-04-03T10:31:03Z" finished-at="2019-04-03T10:31:06Z">
          <reporter-output>
          </reporter-output>
        </test-method> <!-- print -->
      </class> <!-- Script.HomePageTest -->
    </test> <!-- Default test -->
  </suite> <!-- Default suite -->
</testng-results>
